This is pdfTeX, Version 3.14159265-2.6-1.40.20 (TeX Live 2019) (preloaded format=pdflatex 2019.5.8)  22 JAN 2020 12:10
entering extended mode
 restricted \write18 enabled.
 file:line:error style messages enabled.
 %&-line parsing enabled.
**/Users/zjcole/Box/projects/deepeye/dev_git/deepeye/manuscript.tex
(/Users/zjcole/Box/projects/deepeye/dev_git/deepeye/manuscript.tex
LaTeX2e <2018-12-01>
(/usr/local/texlive/2019/texmf-dist/tex/latex/apa6/apa6.cls
Document Class: apa6 2018/09/01 v2.33 APA formatting (6th edition)
(/usr/local/texlive/2019/texmf-dist/tex/latex/base/article.cls
Document Class: article 2018/09/03 v1.4i Standard LaTeX document class
(/usr/local/texlive/2019/texmf-dist/tex/latex/base/size12.clo
File: size12.clo 2018/09/03 v1.4i Standard LaTeX file (size option)
)
\c@part=\count80
\c@section=\count81
\c@subsection=\count82
\c@subsubsection=\count83
\c@paragraph=\count84
\c@subparagraph=\count85
\c@figure=\count86
\c@table=\count87
\abovecaptionskip=\skip41
\belowcaptionskip=\skip42
\bibindent=\dimen102
) (/usr/local/texlive/2019/texmf-dist/tex/latex/etoolbox/etoolbox.sty
Package: etoolbox 2018/08/19 v2.5f e-TeX tools for LaTeX (JAW)
\etb@tempcnta=\count88
)
Class apa6 Info: No bibliography package was specified; defaulting to (but not loading) Biblatex on input line 213.
 (/usr/local/texlive/2019/texmf-dist/tex/latex/lm/lmodern.sty
Package: lmodern 2009/10/30 v1.6 Latin Modern Fonts
LaTeX Font Info:    Overwriting symbol font `operators' in version `normal'
(Font)                  OT1/cmr/m/n --> OT1/lmr/m/n on input line 22.
LaTeX Font Info:    Overwriting symbol font `letters' in version `normal'
(Font)                  OML/cmm/m/it --> OML/lmm/m/it on input line 23.
LaTeX Font Info:    Overwriting symbol font `symbols' in version `normal'
(Font)                  OMS/cmsy/m/n --> OMS/lmsy/m/n on input line 24.
LaTeX Font Info:    Overwriting symbol font `largesymbols' in version `normal'
(Font)                  OMX/cmex/m/n --> OMX/lmex/m/n on input line 25.
LaTeX Font Info:    Overwriting symbol font `operators' in version `bold'
(Font)                  OT1/cmr/bx/n --> OT1/lmr/bx/n on input line 26.
LaTeX Font Info:    Overwriting symbol font `letters' in version `bold'
(Font)                  OML/cmm/b/it --> OML/lmm/b/it on input line 27.
LaTeX Font Info:    Overwriting symbol font `symbols' in version `bold'
(Font)                  OMS/cmsy/b/n --> OMS/lmsy/b/n on input line 28.
LaTeX Font Info:    Overwriting symbol font `largesymbols' in version `bold'
(Font)                  OMX/cmex/m/n --> OMX/lmex/m/n on input line 29.
LaTeX Font Info:    Overwriting math alphabet `\mathbf' in version `normal'
(Font)                  OT1/cmr/bx/n --> OT1/lmr/bx/n on input line 31.
LaTeX Font Info:    Overwriting math alphabet `\mathsf' in version `normal'
(Font)                  OT1/cmss/m/n --> OT1/lmss/m/n on input line 32.
LaTeX Font Info:    Overwriting math alphabet `\mathit' in version `normal'
(Font)                  OT1/cmr/m/it --> OT1/lmr/m/it on input line 33.
LaTeX Font Info:    Overwriting math alphabet `\mathtt' in version `normal'
(Font)                  OT1/cmtt/m/n --> OT1/lmtt/m/n on input line 34.
LaTeX Font Info:    Overwriting math alphabet `\mathbf' in version `bold'
(Font)                  OT1/cmr/bx/n --> OT1/lmr/bx/n on input line 35.
LaTeX Font Info:    Overwriting math alphabet `\mathsf' in version `bold'
(Font)                  OT1/cmss/bx/n --> OT1/lmss/bx/n on input line 36.
LaTeX Font Info:    Overwriting math alphabet `\mathit' in version `bold'
(Font)                  OT1/cmr/bx/it --> OT1/lmr/bx/it on input line 37.
LaTeX Font Info:    Overwriting math alphabet `\mathtt' in version `bold'
(Font)                  OT1/cmtt/m/n --> OT1/lmtt/m/n on input line 38.
) (/usr/local/texlive/2019/texmf-dist/tex/latex/base/fontenc.sty
Package: fontenc 2018/08/11 v2.0j Standard LaTeX package
 (/usr/local/texlive/2019/texmf-dist/tex/latex/base/t1enc.def
File: t1enc.def 2018/08/11 v2.0j Standard LaTeX file
LaTeX Font Info:    Redeclaring font encoding T1 on input line 48.
)) (/usr/local/texlive/2019/texmf-dist/tex/latex/geometry/geometry.sty
Package: geometry 2018/04/16 v5.8 Page Geometry
 (/usr/local/texlive/2019/texmf-dist/tex/latex/graphics/keyval.sty
Package: keyval 2014/10/28 v1.15 key=value parser (DPC)
\KV@toks@=\toks14
) (/usr/local/texlive/2019/texmf-dist/tex/generic/oberdiek/ifpdf.sty
Package: ifpdf 2018/09/07 v3.3 Provides the ifpdf switch
) (/usr/local/texlive/2019/texmf-dist/tex/generic/oberdiek/ifvtex.sty
Package: ifvtex 2016/05/16 v1.6 Detect VTeX and its facilities (HO)
Package ifvtex Info: VTeX not detected.
) (/usr/local/texlive/2019/texmf-dist/tex/generic/ifxetex/ifxetex.sty
Package: ifxetex 2010/09/12 v0.6 Provides ifxetex conditional
)
\Gm@cnth=\count89
\Gm@cntv=\count90
\c@Gm@tempcnt=\count91
\Gm@bindingoffset=\dimen103
\Gm@wd@mp=\dimen104
\Gm@odd@mp=\dimen105
\Gm@even@mp=\dimen106
\Gm@layoutwidth=\dimen107
\Gm@layoutheight=\dimen108
\Gm@layouthoffset=\dimen109
\Gm@layoutvoffset=\dimen110
\Gm@dimlist=\toks15
) (/usr/local/texlive/2019/texmf-dist/tex/latex/graphics/graphicx.sty
Package: graphicx 2017/06/01 v1.1a Enhanced LaTeX Graphics (DPC,SPQR)
 (/usr/local/texlive/2019/texmf-dist/tex/latex/graphics/graphics.sty
Package: graphics 2017/06/25 v1.2c Standard LaTeX Graphics (DPC,SPQR)
 (/usr/local/texlive/2019/texmf-dist/tex/latex/graphics/trig.sty
Package: trig 2016/01/03 v1.10 sin cos tan (DPC)
) (/usr/local/texlive/2019/texmf-dist/tex/latex/graphics-cfg/graphics.cfg
File: graphics.cfg 2016/06/04 v1.11 sample graphics configuration
)
Package graphics Info: Driver file: pdftex.def on input line 99.
 (/usr/local/texlive/2019/texmf-dist/tex/latex/graphics-def/pdftex.def
File: pdftex.def 2018/01/08 v1.0l Graphics/color driver for pdftex
))
\Gin@req@height=\dimen111
\Gin@req@width=\dimen112
) (/usr/local/texlive/2019/texmf-dist/tex/latex/booktabs/booktabs.sty
Package: booktabs 2016/04/27 v1.618033 publication quality tables
\heavyrulewidth=\dimen113
\lightrulewidth=\dimen114
\cmidrulewidth=\dimen115
\belowrulesep=\dimen116
\belowbottomsep=\dimen117
\aboverulesep=\dimen118
\abovetopsep=\dimen119
\cmidrulesep=\dimen120
\cmidrulekern=\dimen121
\defaultaddspace=\dimen122
\@cmidla=\count92
\@cmidlb=\count93
\@aboverulesep=\dimen123
\@belowrulesep=\dimen124
\@thisruleclass=\count94
\@lastruleclass=\count95
\@thisrulewidth=\dimen125
) (/usr/local/texlive/2019/texmf-dist/tex/latex/threeparttable/threeparttable.sty
Package: threeparttable 2003/06/13  v 3.0
\@tempboxb=\box27
)
\b@level@one@skip=\skip43
\e@level@one@skip=\skip44
\b@level@two@skip=\skip45
\e@level@two@skip=\skip46
\b@level@three@skip=\skip47
\e@level@three@skip=\skip48
\b@level@four@skip=\skip49
\e@level@four@skip=\skip50
\b@level@five@skip=\skip51
\e@level@five@skip=\skip52
 (/usr/local/texlive/2019/texmf-dist/tex/latex/caption/caption.sty
Package: caption 2018/10/06 v3.3-154 Customizing captions (AR)
 (/usr/local/texlive/2019/texmf-dist/tex/latex/caption/caption3.sty
Package: caption3 2018/09/12 v1.8c caption3 kernel (AR)
Package caption3 Info: TeX engine: e-TeX on input line 64.
\captionmargin=\dimen126
\captionmargin@=\dimen127
\captionwidth=\dimen128
\caption@tempdima=\dimen129
\caption@indent=\dimen130
\caption@parindent=\dimen131
\caption@hangindent=\dimen132
)
\c@caption@flags=\count96
\c@ContinuedFloat=\count97
Package caption Info: threeparttable package is loaded.
)
\c@APAenum=\count98
\@text@par@indent=\skip53
\gr@box=\box28
\gr@boxwidth=\skip54
\gr@boxheight=\skip55
 (/usr/local/texlive/2019/texmf-dist/tex/latex/tools/bm.sty
Package: bm 2017/01/16 v1.2c Bold Symbol Support (DPC/FMi)
\symboldoperators=\mathgroup4
\symboldletters=\mathgroup5
\symboldsymbols=\mathgroup6
LaTeX Font Info:    Redeclaring math alphabet \mathbf on input line 141.
LaTeX Info: Redefining \bm on input line 207.
)
\c@appendix=\count99
 (/usr/local/texlive/2019/texmf-dist/tex/latex/fancyhdr/fancyhdr.sty
Package: fancyhdr 2019/01/31 v3.10 Extensive control of page headers and footers
\f@nch@headwidth=\skip56
\f@nch@O@elh=\skip57
\f@nch@O@erh=\skip58
\f@nch@O@olh=\skip59
\f@nch@O@orh=\skip60
\f@nch@O@elf=\skip61
\f@nch@O@erf=\skip62
\f@nch@O@olf=\skip63
\f@nch@O@orf=\skip64
) (/usr/local/texlive/2019/texmf-dist/tex/latex/endfloat/endfloat.sty
Package: endfloat 2019/04/15 v2.7 LaTeX2e package puts figures and tables at end (jdm)
\c@posttable=\count100
\efloat@postttt=\write3
\@ef@tttopen=\count101
\c@postfigure=\count102
\efloat@postfff=\write4
\@ef@fffopen=\count103
)) (/usr/local/texlive/2019/texmf-dist/tex/generic/babel/babel.sty
Package: babel 2019/05/04 3.31 The Babel package
 (/usr/local/texlive/2019/texmf-dist/tex/generic/babel/switch.def
File: switch.def 2019/05/04 3.31 Babel switching mechanism
) (/usr/local/texlive/2019/texmf-dist/tex/generic/babel-english/american.ldf
Language: american 2017/06/06 v3.3r English support from the babel system
 (/usr/local/texlive/2019/texmf-dist/tex/generic/babel-english/english.ldf
Language: english 2017/06/06 v3.3r English support from the babel system
 (/usr/local/texlive/2019/texmf-dist/tex/generic/babel/babel.def
File: babel.def 2019/05/04 3.31 Babel common definitions
\babel@savecnt=\count104
\U@D=\dimen133
 (/usr/local/texlive/2019/texmf-dist/tex/generic/babel/txtbabel.def)
\bbl@dirlevel=\count105
)
\l@canadian = a dialect from \language\l@american 
\l@australian = a dialect from \language\l@british 
\l@newzealand = a dialect from \language\l@british 
))) (/usr/local/texlive/2019/texmf-dist/tex/latex/base/inputenc.sty
Package: inputenc 2018/08/11 v1.3c Input encoding file
\inpenc@prehook=\toks16
\inpenc@posthook=\toks17
) (/usr/local/texlive/2019/texmf-dist/tex/latex/oberdiek/epstopdf.sty
Package: epstopdf 2016/05/15 v2.6 Conversion with epstopdf on the fly (HO)
 (/usr/local/texlive/2019/texmf-dist/tex/latex/oberdiek/epstopdf-base.sty
Package: epstopdf-base 2016/05/15 v2.6 Base part for package epstopdf
 (/usr/local/texlive/2019/texmf-dist/tex/generic/oberdiek/infwarerr.sty
Package: infwarerr 2016/05/16 v1.4 Providing info/warning/error messages (HO)
) (/usr/local/texlive/2019/texmf-dist/tex/latex/oberdiek/grfext.sty
Package: grfext 2016/05/16 v1.2 Manage graphics extensions (HO)
 (/usr/local/texlive/2019/texmf-dist/tex/generic/oberdiek/kvdefinekeys.sty
Package: kvdefinekeys 2016/05/16 v1.4 Define keys (HO)
 (/usr/local/texlive/2019/texmf-dist/tex/generic/oberdiek/ltxcmds.sty
Package: ltxcmds 2016/05/16 v1.23 LaTeX kernel commands for general use (HO)
))) (/usr/local/texlive/2019/texmf-dist/tex/latex/oberdiek/kvoptions.sty
Package: kvoptions 2016/05/16 v3.12 Key value format for package options (HO)
 (/usr/local/texlive/2019/texmf-dist/tex/generic/oberdiek/kvsetkeys.sty
Package: kvsetkeys 2016/05/16 v1.17 Key value parser (HO)
 (/usr/local/texlive/2019/texmf-dist/tex/generic/oberdiek/etexcmds.sty
Package: etexcmds 2016/05/16 v1.6 Avoid name clashes with e-TeX commands (HO)
 (/usr/local/texlive/2019/texmf-dist/tex/generic/oberdiek/ifluatex.sty
Package: ifluatex 2016/05/16 v1.4 Provides the ifluatex switch (HO)
Package ifluatex Info: LuaTeX not detected.
)))) (/usr/local/texlive/2019/texmf-dist/tex/generic/oberdiek/pdftexcmds.sty
Package: pdftexcmds 2018/09/10 v0.29 Utility functions of pdfTeX for LuaTeX (HO)
Package pdftexcmds Info: LuaTeX not detected.
Package pdftexcmds Info: \pdf@primitive is available.
Package pdftexcmds Info: \pdf@ifprimitive is available.
Package pdftexcmds Info: \pdfdraftmode found.
)
Package epstopdf-base Info: Redefining graphics rule for `.eps' on input line 438.
Package grfext Info: Graphics extension search list:
(grfext)             [.pdf,.png,.jpg,.mps,.jpeg,.jbig2,.jb2,.PDF,.PNG,.JPG,.JPEG,.JBIG2,.JB2,.eps]
(grfext)             \AppendGraphicsExtensions on input line 456.
 (/usr/local/texlive/2019/texmf-dist/tex/latex/latexconfig/epstopdf-sys.cfg
File: epstopdf-sys.cfg 2010/07/13 v1.3 Configuration of (r)epstopdf for TeX Live
))) (/usr/local/texlive/2019/texmf-dist/tex/latex/csquotes/csquotes.sty
Package: csquotes 2018/04/13 v5.2d context-sensitive quotations (JAW)
\csq@reset=\count106
\csq@gtype=\count107
\csq@glevel=\count108
\csq@qlevel=\count109
\csq@maxlvl=\count110
\csq@tshold=\count111
\csq@ltx@everypar=\toks18
 (/usr/local/texlive/2019/texmf-dist/tex/latex/csquotes/csquotes.def
File: csquotes.def 2018/04/13 v5.2d csquotes generic definitions (JAW)
)
Package csquotes Info: Trying to load configuration file 'csquotes.cfg'...
Package csquotes Info: ... configuration file loaded successfully.
 (/usr/local/texlive/2019/texmf-dist/tex/latex/csquotes/csquotes.cfg
File: csquotes.cfg 
)) (/usr/local/texlive/2019/texmf-dist/tex/latex/hyperref/hyperref.sty
Package: hyperref 2018/11/30 v6.88e Hypertext links for LaTeX
 (/usr/local/texlive/2019/texmf-dist/tex/generic/oberdiek/hobsub-hyperref.sty
Package: hobsub-hyperref 2016/05/16 v1.14 Bundle oberdiek, subset hyperref (HO)
 (/usr/local/texlive/2019/texmf-dist/tex/generic/oberdiek/hobsub-generic.sty
Package: hobsub-generic 2016/05/16 v1.14 Bundle oberdiek, subset generic (HO)
Package: hobsub 2016/05/16 v1.14 Construct package bundles (HO)
Package hobsub Info: Skipping package `infwarerr' (already loaded).
Package hobsub Info: Skipping package `ltxcmds' (already loaded).
Package hobsub Info: Skipping package `ifluatex' (already loaded).
Package hobsub Info: Skipping package `ifvtex' (already loaded).
Package: intcalc 2016/05/16 v1.2 Expandable calculations with integers (HO)
Package hobsub Info: Skipping package `ifpdf' (already loaded).
Package hobsub Info: Skipping package `etexcmds' (already loaded).
Package hobsub Info: Skipping package `kvsetkeys' (already loaded).
Package hobsub Info: Skipping package `kvdefinekeys' (already loaded).
Package hobsub Info: Skipping package `pdftexcmds' (already loaded).
Package: pdfescape 2016/05/16 v1.14 Implements pdfTeX's escape features (HO)
Package: bigintcalc 2016/05/16 v1.4 Expandable calculations on big integers (HO)
Package: bitset 2016/05/16 v1.2 Handle bit-vector datatype (HO)
Package: uniquecounter 2016/05/16 v1.3 Provide unlimited unique counter (HO)
)
Package hobsub Info: Skipping package `hobsub' (already loaded).
Package: letltxmacro 2016/05/16 v1.5 Let assignment for LaTeX macros (HO)
Package: hopatch 2016/05/16 v1.3 Wrapper for package hooks (HO)
Package: xcolor-patch 2016/05/16 xcolor patch
Package: atveryend 2016/05/16 v1.9 Hooks at the very end of document (HO)
Package: atbegshi 2016/06/09 v1.18 At begin shipout hook (HO)
Package: refcount 2016/05/16 v3.5 Data extraction from label references (HO)
Package: hycolor 2016/05/16 v1.8 Color options for hyperref/bookmark (HO)
) (/usr/local/texlive/2019/texmf-dist/tex/latex/oberdiek/auxhook.sty
Package: auxhook 2016/05/16 v1.4 Hooks for auxiliary files (HO)
)
\@linkdim=\dimen134
\Hy@linkcounter=\count112
\Hy@pagecounter=\count113
 (/usr/local/texlive/2019/texmf-dist/tex/latex/hyperref/pd1enc.def
File: pd1enc.def 2018/11/30 v6.88e Hyperref: PDFDocEncoding definition (HO)
Now handling font encoding PD1 ...
... no UTF-8 mapping file for font encoding PD1
)
\Hy@SavedSpaceFactor=\count114
 (/usr/local/texlive/2019/texmf-dist/tex/latex/latexconfig/hyperref.cfg
File: hyperref.cfg 2002/06/06 v1.2 hyperref configuration of TeXLive
)
Package hyperref Info: Hyper figures OFF on input line 4519.
Package hyperref Info: Link nesting OFF on input line 4524.
Package hyperref Info: Hyper index ON on input line 4527.
Package hyperref Info: Plain pages OFF on input line 4534.
Package hyperref Info: Backreferencing OFF on input line 4539.
Package hyperref Info: Implicit mode ON; LaTeX internals redefined.
Package hyperref Info: Bookmarks ON on input line 4772.
\c@Hy@tempcnt=\count115
 (/usr/local/texlive/2019/texmf-dist/tex/latex/url/url.sty
\Urlmuskip=\muskip10
Package: url 2013/09/16  ver 3.4  Verb mode for urls, etc.
)
LaTeX Info: Redefining \url on input line 5125.
\XeTeXLinkMargin=\dimen135
\Fld@menulength=\count116
\Field@Width=\dimen136
\Fld@charsize=\dimen137
Package hyperref Info: Hyper figures OFF on input line 6380.
Package hyperref Info: Link nesting OFF on input line 6385.
Package hyperref Info: Hyper index ON on input line 6388.
Package hyperref Info: backreferencing OFF on input line 6395.
Package hyperref Info: Link coloring OFF on input line 6400.
Package hyperref Info: Link coloring with OCG OFF on input line 6405.
Package hyperref Info: PDF/A mode OFF on input line 6410.
LaTeX Info: Redefining \ref on input line 6450.
LaTeX Info: Redefining \pageref on input line 6454.
\Hy@abspage=\count117
\c@Item=\count118
\c@Hfootnote=\count119
)
Package hyperref Info: Driver (autodetected): hpdftex.
 (/usr/local/texlive/2019/texmf-dist/tex/latex/hyperref/hpdftex.def
File: hpdftex.def 2018/11/30 v6.88e Hyperref driver for pdfTeX
\Fld@listcount=\count120
\c@bookmark@seq@number=\count121
 (/usr/local/texlive/2019/texmf-dist/tex/latex/oberdiek/rerunfilecheck.sty
Package: rerunfilecheck 2016/05/16 v1.8 Rerun checks for auxiliary files (HO)
Package uniquecounter Info: New unique counter `rerunfilecheck' on input line 282.
)
\Hy@SectionHShift=\skip65
) (/usr/local/texlive/2019/texmf-dist/tex/latex/biblatex/biblatex.sty
Package: biblatex 2018/11/02 v3.12 programmable bibliographies (PK/MW)
 (/usr/local/texlive/2019/texmf-dist/tex/latex/logreq/logreq.sty
Package: logreq 2010/08/04 v1.0 xml request logger
\lrq@indent=\count122
 (/usr/local/texlive/2019/texmf-dist/tex/latex/logreq/logreq.def
File: logreq.def 2010/08/04 v1.0 logreq spec v1.0
)) (/usr/local/texlive/2019/texmf-dist/tex/latex/base/ifthen.sty
Package: ifthen 2014/09/29 v1.1c Standard LaTeX ifthen package (DPC)
)
\c@tabx@nest=\count123
\c@listtotal=\count124
\c@listcount=\count125
\c@liststart=\count126
\c@liststop=\count127
\c@citecount=\count128
\c@citetotal=\count129
\c@multicitecount=\count130
\c@multicitetotal=\count131
\c@instcount=\count132
\c@maxnames=\count133
\c@minnames=\count134
\c@maxitems=\count135
\c@minitems=\count136
\c@citecounter=\count137
\c@maxcitecounter=\count138
\c@savedcitecounter=\count139
\c@uniquelist=\count140
\c@uniquename=\count141
\c@refsection=\count142
\c@refsegment=\count143
\c@maxextratitle=\count144
\c@maxextratitleyear=\count145
\c@maxextraname=\count146
\c@maxextradate=\count147
\c@maxextraalpha=\count148
\c@abbrvpenalty=\count149
\c@highnamepenalty=\count150
\c@lownamepenalty=\count151
\c@maxparens=\count152
\c@parenlevel=\count153
\blx@tempcnta=\count154
\blx@tempcntb=\count155
\blx@tempcntc=\count156
\blx@maxsection=\count157
\blx@maxsegment@0=\count158
\blx@notetype=\count159
\blx@parenlevel@text=\count160
\blx@parenlevel@foot=\count161
\blx@sectionciteorder@0=\count162
\blx@entrysetcounter=\count163
\labelnumberwidth=\skip66
\labelalphawidth=\skip67
\biblabelsep=\skip68
\bibitemsep=\skip69
\bibnamesep=\skip70
\bibinitsep=\skip71
\bibparsep=\skip72
\bibhang=\skip73
\blx@bcfin=\read1
\blx@bcfout=\write5
\c@mincomprange=\count164
\c@maxcomprange=\count165
\c@mincompwidth=\count166
Package biblatex Info: Trying to load biblatex default data model...
Package biblatex Info: ... file 'blx-dm.def' found.
 (/usr/local/texlive/2019/texmf-dist/tex/latex/biblatex/blx-dm.def
File: blx-dm.def 2018/11/02 v3.12 biblatex localization (PK/MW)
)
Package biblatex Info: Trying to load biblatex style data model...
Package biblatex Info: ... file 'apa.dbx' found.
 (/usr/local/texlive/2019/texmf-dist/tex/latex/biblatex-apa/apa.dbx
File: apa.dbx 2018/04/02 v7.7 APA biblatex style data model
)
Package biblatex Info: Trying to load biblatex custom data model...
Package biblatex Info: ... file 'biblatex-dm.cfg' not found.
\c@afterword=\count167
\c@savedafterword=\count168
\c@annotator=\count169
\c@savedannotator=\count170
\c@author=\count171
\c@savedauthor=\count172
\c@bookauthor=\count173
\c@savedbookauthor=\count174
\c@commentator=\count175
\c@savedcommentator=\count176
\c@editor=\count177
\c@savededitor=\count178
\c@editora=\count179
\c@savededitora=\count180
\c@editorb=\count181
\c@savededitorb=\count182
\c@editorc=\count183
\c@savededitorc=\count184
\c@foreword=\count185
\c@savedforeword=\count186
\c@holder=\count187
\c@savedholder=\count188
\c@introduction=\count189
\c@savedintroduction=\count190
\c@namea=\count191
\c@savednamea=\count192
\c@nameb=\count193
\c@savednameb=\count194
\c@namec=\count195
\c@savednamec=\count196
\c@translator=\count197
\c@savedtranslator=\count198
\c@shortauthor=\count199
\c@savedshortauthor=\count266
\c@shorteditor=\count267
\c@savedshorteditor=\count268
\c@with=\count269
\c@savedwith=\count270
\c@writer=\count271
\c@savedwriter=\count272
\c@producer=\count273
\c@savedproducer=\count274
\c@execproducer=\count275
\c@savedexecproducer=\count276
\c@director=\count277
\c@saveddirector=\count278
\c@labelname=\count279
\c@savedlabelname=\count280
\c@institution=\count281
\c@savedinstitution=\count282
\c@lista=\count283
\c@savedlista=\count284
\c@listb=\count285
\c@savedlistb=\count286
\c@listc=\count287
\c@savedlistc=\count288
\c@listd=\count289
\c@savedlistd=\count290
\c@liste=\count291
\c@savedliste=\count292
\c@listf=\count293
\c@savedlistf=\count294
\c@location=\count295
\c@savedlocation=\count296
\c@organization=\count297
\c@savedorganization=\count298
\c@origlocation=\count299
\c@savedoriglocation=\count300
\c@origpublisher=\count301
\c@savedorigpublisher=\count302
\c@publisher=\count303
\c@savedpublisher=\count304
\c@language=\count305
\c@savedlanguage=\count306
\c@origlanguage=\count307
\c@savedoriglanguage=\count308
\c@pageref=\count309
\c@savedpageref=\count310
\shorthandwidth=\skip74
\shortjournalwidth=\skip75
\shortserieswidth=\skip76
\shorttitlewidth=\skip77
\shortauthorwidth=\skip78
\shorteditorwidth=\skip79
\locallabelnumberwidth=\skip80
\locallabelalphawidth=\skip81
\localshorthandwidth=\skip82
\localshortjournalwidth=\skip83
\localshortserieswidth=\skip84
\localshorttitlewidth=\skip85
\localshortauthorwidth=\skip86
\localshorteditorwidth=\skip87
Package biblatex Info: Trying to load compatibility code...
Package biblatex Info: ... file 'blx-compat.def' found.
 (/usr/local/texlive/2019/texmf-dist/tex/latex/biblatex/blx-compat.def
File: blx-compat.def 2018/11/02 v3.12 biblatex compatibility (PK/MW)
)
Package biblatex Info: Trying to load generic definitions...
Package biblatex Info: ... file 'biblatex.def' found.
 (/usr/local/texlive/2019/texmf-dist/tex/latex/biblatex/biblatex.def
File: biblatex.def 2018/11/02 v3.12 biblatex compatibility (PK/MW)
\c@textcitecount=\count311
\c@textcitetotal=\count312
\c@textcitemaxnames=\count313
\c@biburlnumpenalty=\count314
\c@biburlucpenalty=\count315
\c@biburllcpenalty=\count316
\c@smartand=\count317
)
Package biblatex Info: Trying to load bibliography style 'apa'...
Package biblatex Info: ... file 'apa.bbx' found.
 (/usr/local/texlive/2019/texmf-dist/tex/latex/biblatex-apa/apa.bbx
File: apa.bbx 2018/04/02 v7.7 APA biblatex references style
Package biblatex Info: Trying to load bibliography style 'standard'...
Package biblatex Info: ... file 'standard.bbx' found.
 (/usr/local/texlive/2019/texmf-dist/tex/latex/biblatex/bbx/standard.bbx
File: standard.bbx 2018/11/02 v3.12 biblatex bibliography style (PK/MW)
\c@bbx:relatedcount=\count318
\c@bbx:relatedtotal=\count319
))
Package biblatex Info: Trying to load citation style 'apa'...
Package biblatex Info: ... file 'apa.cbx' found.
 (/usr/local/texlive/2019/texmf-dist/tex/latex/biblatex-apa/apa.cbx
File: apa.cbx 2018/04/02 v7.7 APA biblatex citation style
Package biblatex Info: Delimiter 'nameyeardelim' in context '' already defined, overwriting.
Package biblatex Info: Delimiter 'nameyeardelim' in context 'textcite' already defined, overwriting.
Package biblatex Info: Delimiter 'andothersdelim' in context '' already defined, overwriting.
Package biblatex Info: Redefining '\parencite'.
Package biblatex Info: Redefining '\fullcite'.
Package biblatex Info: Redefining '\citeyear'.
Package biblatex Info: Redefining '\cite'.
Package biblatex Info: Redefining '\footcite'.
Package biblatex Info: Redefining '\textcites'.
Package biblatex Info: Redefining '\textcite'.
Package biblatex Info: Redefining '\citeauthor'.
)
Package biblatex Info: Trying to load configuration file...
Package biblatex Info: ... file 'biblatex.cfg' found.
 (/usr/local/texlive/2019/texmf-dist/tex/latex/biblatex/biblatex.cfg
File: biblatex.cfg 
))
Package csquotes Info: Checking for multilingual support...
Package csquotes Info: ... found 'babel' package.
Package csquotes Info: Adjusting default style.
Package csquotes Info: Redefining alias 'default' -> 'american'.
Package biblatex Info: Trying to load language 'american' -> 'american-apa'...
Package biblatex Info: ... file 'american-apa.lbx' found.
 (/usr/local/texlive/2019/texmf-dist/tex/latex/biblatex-apa/american-apa.lbx
File: american-apa.lbx 2018/04/02 v7.7 APA biblatex localisation
Package biblatex Info: Trying to load language 'american'...
Package biblatex Info: ... file 'american.lbx' found.
 (/usr/local/texlive/2019/texmf-dist/tex/latex/biblatex/lbx/american.lbx
File: american.lbx 2018/11/02 v3.12 biblatex localization (PK/MW)
Package biblatex Info: Trying to load language 'english' -> 'english-apa'...
Package biblatex Info: ... file 'english-apa.lbx' found.
 (/usr/local/texlive/2019/texmf-dist/tex/latex/biblatex-apa/english-apa.lbx
File: english-apa.lbx 2018/04/02 v7.7 APA biblatex localisation
Package biblatex Info: Trying to load language 'english'...
Package biblatex Info: ... file 'english.lbx' found.
 (/usr/local/texlive/2019/texmf-dist/tex/latex/biblatex/lbx/english.lbx
File: english.lbx 2018/11/02 v3.12 biblatex localization (PK/MW)
)))
Package biblatex Info: Trying to load language 'american'...
Package biblatex Info: ... file 'american.lbx' found.
 (/usr/local/texlive/2019/texmf-dist/tex/latex/biblatex/lbx/american.lbx
File: american.lbx 2018/11/02 v3.12 biblatex localization (PK/MW)
Package biblatex Info: Trying to load language 'english' -> 'english-apa'...
Package biblatex Info: ... file 'english-apa.lbx' found.
 (/usr/local/texlive/2019/texmf-dist/tex/latex/biblatex-apa/english-apa.lbx
File: english-apa.lbx 2018/04/02 v7.7 APA biblatex localisation
Package biblatex Info: Trying to load language 'american'...
Package biblatex Info: ... file 'american.lbx' found.
 (/usr/local/texlive/2019/texmf-dist/tex/latex/biblatex/lbx/american.lbx
File: american.lbx 2018/11/02 v3.12 biblatex localization (PK/MW)
Package biblatex Info: Trying to load language 'english'...
Package biblatex Info: ... file 'english.lbx' found.
 (/usr/local/texlive/2019/texmf-dist/tex/latex/biblatex/lbx/english.lbx
File: english.lbx 2018/11/02 v3.12 biblatex localization (PK/MW)
))))) (/Users/zjcole/Box/projects/deepeye/dev_git/deepeye/manuscript.aux)
\openout1 = `manuscript.aux'.

LaTeX Font Info:    Checking defaults for OML/cmm/m/it on input line 58.
LaTeX Font Info:    ... okay on input line 58.
LaTeX Font Info:    Checking defaults for T1/cmr/m/n on input line 58.
LaTeX Font Info:    ... okay on input line 58.
LaTeX Font Info:    Checking defaults for OT1/cmr/m/n on input line 58.
LaTeX Font Info:    ... okay on input line 58.
LaTeX Font Info:    Checking defaults for OMS/cmsy/m/n on input line 58.
LaTeX Font Info:    ... okay on input line 58.
LaTeX Font Info:    Checking defaults for OMX/cmex/m/n on input line 58.
LaTeX Font Info:    ... okay on input line 58.
LaTeX Font Info:    Checking defaults for U/cmr/m/n on input line 58.
LaTeX Font Info:    ... okay on input line 58.
LaTeX Font Info:    Checking defaults for PD1/pdf/m/n on input line 58.
LaTeX Font Info:    ... okay on input line 58.
LaTeX Font Info:    Try loading font information for T1+lmr on input line 58.
 (/usr/local/texlive/2019/texmf-dist/tex/latex/lm/t1lmr.fd
File: t1lmr.fd 2009/10/30 v1.6 Font defs for Latin Modern
)
*geometry* driver: auto-detecting
*geometry* detected driver: pdftex
*geometry* verbose mode - [ preamble ] result:
* driver: pdftex
* paper: a4paper
* layout: <same size as paper>
* layoutoffset:(h,v)=(0.0pt,0.0pt)
* modes: twoside 
* h-part:(L,W,R)=(72.26999pt, 452.9679pt, 72.26999pt)
* v-part:(T,H,B)=(72.26999pt, 700.50687pt, 72.26999pt)
* \paperwidth=597.50787pt
* \paperheight=845.04684pt
* \textwidth=452.9679pt
* \textheight=700.50687pt
* \oddsidemargin=0.0pt
* \evensidemargin=0.0pt
* \topmargin=-37.0pt
* \headheight=15.2pt
* \headsep=25.0pt
* \topskip=12.0pt
* \footskip=30.0pt
* \marginparwidth=95.0pt
* \marginparsep=10.0pt
* \columnsep=10.0pt
* \skip\footins=10.8pt plus 4.0pt minus 2.0pt
* \hoffset=0.0pt
* \voffset=0.0pt
* \mag=1000
* \@twocolumnfalse
* \@twosidetrue
* \@mparswitchtrue
* \@reversemarginfalse
* (1in=72.27pt=25.4mm, 1cm=28.453pt)

(/usr/local/texlive/2019/texmf-dist/tex/context/base/mkii/supp-pdf.mkii
[Loading MPS to PDF converter (version 2006.09.02).]
\scratchcounter=\count320
\scratchdimen=\dimen138
\scratchbox=\box29
\nofMPsegments=\count321
\nofMParguments=\count322
\everyMPshowfont=\toks19
\MPscratchCnt=\count323
\MPscratchDim=\dimen139
\MPnumerator=\count324
\makeMPintoPDFobject=\count325
\everyMPtoPDFconversion=\toks20
) (/usr/local/texlive/2019/texmf-dist/tex/latex/apa6/config/APAamerican.txt
File: APAamerican.txt 2012/02/23 v1.25 apa6 configuration for American English
)
Package caption Info: Begin \AtBeginDocument code.
Package caption Info: hyperref package is loaded.
Package caption Info: End \AtBeginDocument code.
\AtBeginShipoutBox=\box30
Package hyperref Info: Link coloring OFF on input line 58.
 (/usr/local/texlive/2019/texmf-dist/tex/latex/hyperref/nameref.sty
Package: nameref 2016/05/21 v2.44 Cross-referencing by name of section
 (/usr/local/texlive/2019/texmf-dist/tex/generic/oberdiek/gettitlestring.sty
Package: gettitlestring 2016/05/16 v1.5 Cleanup title references (HO)
)
\c@section@level=\count326
)
LaTeX Info: Redefining \ref on input line 58.
LaTeX Info: Redefining \pageref on input line 58.
LaTeX Info: Redefining \nameref on input line 58.
\@outlinefile=\write6
\openout6 = `manuscript.out'.

Package biblatex Info: Input encoding 'utf8' detected.
Package biblatex Info: Automatic encoding selection.
(biblatex)             Assuming data encoding 'utf8'.
\openout5 = `manuscript.bcf'.

Package biblatex Info: Trying to load bibliographic data...
Package biblatex Info: ... file 'manuscript.bbl' not found.

No file manuscript.bbl.
Package biblatex Info: Reference section=0 on input line 58.
Package biblatex Info: Reference segment=0 on input line 58.

Class apa6 Warning: Abstract not defined.

[1{/usr/local/texlive/2019/texmf-var/fonts/map/pdftex/updmap/pdftex.map}

] (/Users/zjcole/Box/projects/deepeye/dev_git/deepeye/introduction.tex) (/Users/zjcole/Box/projects/deepeye/dev_git/deepeye/methods.tex
/Users/zjcole/Box/projects/deepeye/dev_git/deepeye/methods.tex:5: Missing $ inserted.
<inserted text> 
                $
l.5 ...onsisted of college students (Exploratory _
                                                  N_ = 124; Confirmatory _N_...
I've inserted a begin-math/end-math symbol since I think
you left one out. Proceed, with fingers crossed.

LaTeX Font Info:    Try loading font information for OT1+lmr on input line 5.
(/usr/local/texlive/2019/texmf-dist/tex/latex/lm/ot1lmr.fd
File: ot1lmr.fd 2009/10/30 v1.6 Font defs for Latin Modern
)
LaTeX Font Info:    Try loading font information for OML+lmm on input line 5.
 (/usr/local/texlive/2019/texmf-dist/tex/latex/lm/omllmm.fd
File: omllmm.fd 2009/10/30 v1.6 Font defs for Latin Modern
)
LaTeX Font Info:    Try loading font information for OMS+lmsy on input line 5.
 (/usr/local/texlive/2019/texmf-dist/tex/latex/lm/omslmsy.fd
File: omslmsy.fd 2009/10/30 v1.6 Font defs for Latin Modern
)
LaTeX Font Info:    Try loading font information for OMX+lmex on input line 5.
 (/usr/local/texlive/2019/texmf-dist/tex/latex/lm/omxlmex.fd
File: omxlmex.fd 2009/10/30 v1.6 Font defs for Latin Modern
)
LaTeX Font Info:    External font `lmex10' loaded for size
(Font)              <12> on input line 5.
LaTeX Font Info:    External font `lmex10' loaded for size
(Font)              <8> on input line 5.
LaTeX Font Info:    External font `lmex10' loaded for size
(Font)              <6> on input line 5.

/Users/zjcole/Box/projects/deepeye/dev_git/deepeye/methods.tex:5: Double subscript.
l.5 ...sisted of college students (Exploratory _N_
                                                   = 124; Confirmatory _N_ =...
I treat `x_1_2' essentially like `x_1{}_2'.

/Users/zjcole/Box/projects/deepeye/dev_git/deepeye/methods.tex:5: Double subscript.
l.5 ...ts (Exploratory _N_ = 124; Confirmatory _N_
                                                   = 77) from a large Midwes...
I treat `x_1_2' essentially like `x_1{}_2'.

/Users/zjcole/Box/projects/deepeye/dev_git/deepeye/methods.tex:6: Missing $ inserted.
<inserted text> 
                $
l.6 
    
I've inserted a begin-math/end-math symbol since I think
you left one out. Proceed, with fingers crossed.


Overfull \hbox (630.18216pt too wide) in paragraph at lines 5--6
[][]\OT1/lmr/m/n/12 124; \OML/lmm/m/it/12 Confirmatory[][]\OT1/lmr/m/n/12 77)\OML/lmm/m/it/12 fromalargeMidwesternuniversitywhoparticipatedinexchangeforclasscredit:Participantswhotookpartintheexploratoryexperimentdidnotparticipateintheconfirmatoryexperiment:$  
 []

/Users/zjcole/Box/projects/deepeye/dev_git/deepeye/methods.tex:8: You can't use `macro parameter character #' in horizontal mode.
l.8 Each participant viewed #
                             # scene images (see Figure x) while carrying ou...
Sorry, but I'm not programmed to handle this case;
I'll just pretend that you didn't ask for it.
If you're in the wrong mode, you might be able to
return to the right one by typing `I}' or `I$' or `I\par'.

/Users/zjcole/Box/projects/deepeye/dev_git/deepeye/methods.tex:8: You can't use `macro parameter character #' in horizontal mode.
l.8 Each participant viewed ##
                               scene images (see Figure x) while carrying ou...
Sorry, but I'm not programmed to handle this case;
I'll just pretend that you didn't ask for it.
If you're in the wrong mode, you might be able to
return to the right one by typing `I}' or `I$' or `I\par'.

[2]
/Users/zjcole/Box/projects/deepeye/dev_git/deepeye/methods.tex:10: Missing number, treated as zero.
<to be read again> 
                   {
l.10 \insert{
             fig_x} %example scene images
A number should have been here; I inserted `0'.
(If you can't figure out why I needed to see a number,
look up `weird error' in the index to The TeXbook.)

/Users/zjcole/Box/projects/deepeye/dev_git/deepeye/methods.tex:10: Missing $ inserted.
<inserted text> 
                $
l.10 \insert{fig_
                 x} %example scene images
I've inserted a begin-math/end-math symbol since I think
you left one out. Proceed, with fingers crossed.

/Users/zjcole/Box/projects/deepeye/dev_git/deepeye/methods.tex:10: Extra }, or forgotten $.
l.10 \insert{fig_x}
                    %example scene images
I've deleted a group-closing symbol because it seems to be
spurious, as in `$x}$'. But perhaps the } is legitimate and
you forgot something else, as in `\hbox{$x}'. In such cases
the way to recover is to insert both the forgotten and the
deleted material, e.g., by typing `I$}'.

/Users/zjcole/Box/projects/deepeye/dev_git/deepeye/methods.tex:11: Missing $ inserted.
<inserted text> 
                $
l.11 
     
I've inserted a begin-math/end-math symbol since I think
you left one out. Proceed, with fingers crossed.

/Users/zjcole/Box/projects/deepeye/dev_git/deepeye/methods.tex:13: You can't use `macro parameter character #' in horizontal mode.
l.13 ...l was analyzed. Trials that were missing #
                                                  # data points were exclude...
Sorry, but I'm not programmed to handle this case;
I'll just pretend that you didn't ask for it.
If you're in the wrong mode, you might be able to
return to the right one by typing `I}' or `I$' or `I\par'.

/Users/zjcole/Box/projects/deepeye/dev_git/deepeye/methods.tex:13: You can't use `macro parameter character #' in horizontal mode.
l.13 ... was analyzed. Trials that were missing ##
                                                   data points were excluded...
Sorry, but I'm not programmed to handle this case;
I'll just pretend that you didn't ask for it.
If you're in the wrong mode, you might be able to
return to the right one by typing `I}' or `I$' or `I\par'.

/Users/zjcole/Box/projects/deepeye/dev_git/deepeye/methods.tex:18: Missing number, treated as zero.
<to be read again> 
                   {
l.18 \insert{
             fig_x} %average image for each condition
A number should have been here; I inserted `0'.
(If you can't figure out why I needed to see a number,
look up `weird error' in the index to The TeXbook.)

/Users/zjcole/Box/projects/deepeye/dev_git/deepeye/methods.tex:18: Missing $ inserted.
<inserted text> 
                $
l.18 \insert{fig_
                 x} %average image for each condition
I've inserted a begin-math/end-math symbol since I think
you left one out. Proceed, with fingers crossed.

/Users/zjcole/Box/projects/deepeye/dev_git/deepeye/methods.tex:18: Extra }, or forgotten $.
l.18 \insert{fig_x}
                    %average image for each condition
I've deleted a group-closing symbol because it seems to be
spurious, as in `$x}$'. But perhaps the } is legitimate and
you forgot something else, as in `\hbox{$x}'. In such cases
the way to recover is to insert both the forgotten and the
deleted material, e.g., by typing `I$}'.

/Users/zjcole/Box/projects/deepeye/dev_git/deepeye/methods.tex:19: Missing $ inserted.
<inserted text> 
                $
l.19 
     
I've inserted a begin-math/end-math symbol since I think
you left one out. Proceed, with fingers crossed.

/Users/zjcole/Box/projects/deepeye/dev_git/deepeye/methods.tex:23: Missing number, treated as zero.
<to be read again> 
                   {
l.23 \insert{
             fix_x} %average plots of x-coord-, y-coord-, pupil size- only
A number should have been here; I inserted `0'.
(If you can't figure out why I needed to see a number,
look up `weird error' in the index to The TeXbook.)

/Users/zjcole/Box/projects/deepeye/dev_git/deepeye/methods.tex:23: Missing $ inserted.
<inserted text> 
                $
l.23 \insert{fix_
                 x} %average plots of x-coord-, y-coord-, pupil size- only
I've inserted a begin-math/end-math symbol since I think
you left one out. Proceed, with fingers crossed.

/Users/zjcole/Box/projects/deepeye/dev_git/deepeye/methods.tex:23: Extra }, or forgotten $.
l.23 \insert{fix_x}
                    %average plots of x-coord-, y-coord-, pupil size- only
I've deleted a group-closing symbol because it seems to be
spurious, as in `$x}$'. But perhaps the } is legitimate and
you forgot something else, as in `\hbox{$x}'. In such cases
the way to recover is to insert both the forgotten and the
deleted material, e.g., by typing `I$}'.

/Users/zjcole/Box/projects/deepeye/dev_git/deepeye/methods.tex:24: Missing number, treated as zero.
<to be read again> 
                   {
l.24 \insert{
             table_x} %list of datasets
A number should have been here; I inserted `0'.
(If you can't figure out why I needed to see a number,
look up `weird error' in the index to The TeXbook.)

/Users/zjcole/Box/projects/deepeye/dev_git/deepeye/methods.tex:24: Missing $ inserted.
<inserted text> 
                $
l.24 \insert{table_
                   x} %list of datasets
I've inserted a begin-math/end-math symbol since I think
you left one out. Proceed, with fingers crossed.

/Users/zjcole/Box/projects/deepeye/dev_git/deepeye/methods.tex:24: Extra }, or forgotten $.
l.24 \insert{table_x}
                      %list of datasets
I've deleted a group-closing symbol because it seems to be
spurious, as in `$x}$'. But perhaps the } is legitimate and
you forgot something else, as in `\hbox{$x}'. In such cases
the way to recover is to insert both the forgotten and the
deleted material, e.g., by typing `I$}'.

/Users/zjcole/Box/projects/deepeye/dev_git/deepeye/methods.tex:25: Missing $ inserted.
<inserted text> 
                $
l.25 
     
I've inserted a begin-math/end-math symbol since I think
you left one out. Proceed, with fingers crossed.

/Users/zjcole/Box/projects/deepeye/dev_git/deepeye/methods.tex:35: You can't use `macro parameter character #' in horizontal mode.
l.35 The exploratory models consisted of #
                                          -# convolutional layers, #-# fully...
Sorry, but I'm not programmed to handle this case;
I'll just pretend that you didn't ask for it.
If you're in the wrong mode, you might be able to
return to the right one by typing `I}' or `I$' or `I\par'.

/Users/zjcole/Box/projects/deepeye/dev_git/deepeye/methods.tex:35: You can't use `macro parameter character #' in horizontal mode.
l.35 The exploratory models consisted of #-#
                                             convolutional layers, #-# fully...
Sorry, but I'm not programmed to handle this case;
I'll just pretend that you didn't ask for it.
If you're in the wrong mode, you might be able to
return to the right one by typing `I}' or `I$' or `I\par'.

/Users/zjcole/Box/projects/deepeye/dev_git/deepeye/methods.tex:35: You can't use `macro parameter character #' in horizontal mode.
l.35 ...s consisted of #-# convolutional layers, #
                                                  -# fully connected layers,...
Sorry, but I'm not programmed to handle this case;
I'll just pretend that you didn't ask for it.
If you're in the wrong mode, you might be able to
return to the right one by typing `I}' or `I$' or `I\par'.

/Users/zjcole/Box/projects/deepeye/dev_git/deepeye/methods.tex:35: You can't use `macro parameter character #' in horizontal mode.
l.35 ...consisted of #-# convolutional layers, #-#
                                                   fully connected layers, a...
Sorry, but I'm not programmed to handle this case;
I'll just pretend that you didn't ask for it.
If you're in the wrong mode, you might be able to
return to the right one by typing `I}' or `I$' or `I\par'.

/Users/zjcole/Box/projects/deepeye/dev_git/deepeye/methods.tex:35: You can't use `macro parameter character #' in horizontal mode.
l.35 ... layers, #-# fully connected layers, and #
                                                  -# other layers. To maximi...
Sorry, but I'm not programmed to handle this case;
I'll just pretend that you didn't ask for it.
If you're in the wrong mode, you might be able to
return to the right one by typing `I}' or `I$' or `I\par'.

/Users/zjcole/Box/projects/deepeye/dev_git/deepeye/methods.tex:35: You can't use `macro parameter character #' in horizontal mode.
l.35 ...ayers, #-# fully connected layers, and #-#
                                                   other layers. To maximize...
Sorry, but I'm not programmed to handle this case;
I'll just pretend that you didn't ask for it.
If you're in the wrong mode, you might be able to
return to the right one by typing `I}' or `I$' or `I\par'.

/Users/zjcole/Box/projects/deepeye/dev_git/deepeye/methods.tex:37: Missing number, treated as zero.
<to be read again> 
                   {
l.37 \insert{
             table_x} %breakdown of the different models
A number should have been here; I inserted `0'.
(If you can't figure out why I needed to see a number,
look up `weird error' in the index to The TeXbook.)

/Users/zjcole/Box/projects/deepeye/dev_git/deepeye/methods.tex:37: Missing $ inserted.
<inserted text> 
                $
l.37 \insert{table_
                   x} %breakdown of the different models
I've inserted a begin-math/end-math symbol since I think
you left one out. Proceed, with fingers crossed.

/Users/zjcole/Box/projects/deepeye/dev_git/deepeye/methods.tex:37: Extra }, or forgotten $.
l.37 \insert{table_x}
                      %breakdown of the different models
I've deleted a group-closing symbol because it seems to be
spurious, as in `$x}$'. But perhaps the } is legitimate and
you forgot something else, as in `\hbox{$x}'. In such cases
the way to recover is to insert both the forgotten and the
deleted material, e.g., by typing `I$}'.

/Users/zjcole/Box/projects/deepeye/dev_git/deepeye/methods.tex:38: Missing number, treated as zero.
<to be read again> 
                   {
l.38 \insert{
             fig_x} %breakdown of the model we actually used
A number should have been here; I inserted `0'.
(If you can't figure out why I needed to see a number,
look up `weird error' in the index to The TeXbook.)

/Users/zjcole/Box/projects/deepeye/dev_git/deepeye/methods.tex:38: Missing $ inserted.
<inserted text> 
                $
l.38 \insert{fig_
                 x} %breakdown of the model we actually used
I've inserted a begin-math/end-math symbol since I think
you left one out. Proceed, with fingers crossed.

/Users/zjcole/Box/projects/deepeye/dev_git/deepeye/methods.tex:38: Extra }, or forgotten $.
l.38 \insert{fig_x}
                    %breakdown of the model we actually used
I've deleted a group-closing symbol because it seems to be
spurious, as in `$x}$'. But perhaps the } is legitimate and
you forgot something else, as in `\hbox{$x}'. In such cases
the way to recover is to insert both the forgotten and the
deleted material, e.g., by typing `I$}'.

)
/Users/zjcole/Box/projects/deepeye/dev_git/deepeye/manuscript.tex:69: Missing $ inserted.
<inserted text> 
                $
l.69 
     
I've inserted a begin-math/end-math symbol since I think
you left one out. Proceed, with fingers crossed.

(/Users/zjcole/Box/projects/deepeye/dev_git/deepeye/results.tex
/Users/zjcole/Box/projects/deepeye/dev_git/deepeye/results.tex:7: Missing $ inserted.
<inserted text> 
                $
l.7 ...s compared against chance using Student's _
                                                  t_-test. When normality co...
I've inserted a begin-math/end-math symbol since I think
you left one out. Proceed, with fingers crossed.

/Users/zjcole/Box/projects/deepeye/dev_git/deepeye/results.tex:7: Double subscript.
l.7 ...compared against chance using Student's _t_
                                                  -test. When normality coul...
I treat `x_1_2' essentially like `x_1{}_2'.

/Users/zjcole/Box/projects/deepeye/dev_git/deepeye/results.tex:8: Missing $ inserted.
<inserted text> 
                $
l.8 
    
I've inserted a begin-math/end-math symbol since I think
you left one out. Proceed, with fingers crossed.


Overfull \hbox (265.77759pt too wide) in paragraph at lines 7--8
[][]\OML/lmm/m/it/12 test:Whennormalitycouldnotbeassumed; themedianaccuracyforthatdatasetwascomparedagainstchanceusingWilcoxon[]ssignedranktest:$  
 []

/Users/zjcole/Box/projects/deepeye/dev_git/deepeye/results.tex:15: Missing $ inserted.
<inserted text> 
                $
l.15 insert{table_
                  x} %acc v chance -- timeline data (parsed) (includes descr...
I've inserted a begin-math/end-math symbol since I think
you left one out. Proceed, with fingers crossed.

/Users/zjcole/Box/projects/deepeye/dev_git/deepeye/results.tex:15: Extra }, or forgotten $.
l.15 insert{table_x}
                     %acc v chance -- timeline data (parsed) (includes descr...
I've deleted a group-closing symbol because it seems to be
spurious, as in `$x}$'. But perhaps the } is legitimate and
you forgot something else, as in `\hbox{$x}'. In such cases
the way to recover is to insert both the forgotten and the
deleted material, e.g., by typing `I$}'.

/Users/zjcole/Box/projects/deepeye/dev_git/deepeye/results.tex:16: Missing $ inserted.
<inserted text> 
                $
l.16 
     
I've inserted a begin-math/end-math symbol since I think
you left one out. Proceed, with fingers crossed.

/Users/zjcole/Box/projects/deepeye/dev_git/deepeye/results.tex:20: Missing $ inserted.
<inserted text> 
                $
l.20 ...ataset were lower than the x-coordinate (_
                                                  t_(18) = -12.213, _p_ < .0...
I've inserted a begin-math/end-math symbol since I think
you left one out. Proceed, with fingers crossed.

/Users/zjcole/Box/projects/deepeye/dev_git/deepeye/results.tex:20: Double subscript.
l.20 ...aset were lower than the x-coordinate (_t_
                                                  (18) = -12.213, _p_ < .001...
I treat `x_1_2' essentially like `x_1{}_2'.

/Users/zjcole/Box/projects/deepeye/dev_git/deepeye/results.tex:20: Double subscript.
l.20 ...n the x-coordinate (_t_(18) = -12.213, _p_
                                                   < .001) and y-coordinate ...
I treat `x_1_2' essentially like `x_1{}_2'.

/Users/zjcole/Box/projects/deepeye/dev_git/deepeye/results.tex:21: Missing $ inserted.
<inserted text> 
                $
l.21 
     
I've inserted a begin-math/end-math symbol since I think
you left one out. Proceed, with fingers crossed.


Overfull \hbox (170.72385pt too wide) in paragraph at lines 20--21
\OML/lmm/m/it/12 :\OT1/lmr/m/n/12 001)\OML/lmm/m/it/12 :Thesefindingssuggestthatpupilsizeistheleastinformativecriterioninformingclassificationdecisions; whilethex \OMS/lmsy/m/n/12 ^^@ 
 []

/Users/zjcole/Box/projects/deepeye/dev_git/deepeye/results.tex:23: Missing $ inserted.
<inserted text> 
                $
l.23 _
      Image Classification._ CNN model accuracy for the image dataset was be...
I've inserted a begin-math/end-math symbol since I think
you left one out. Proceed, with fingers crossed.

/Users/zjcole/Box/projects/deepeye/dev_git/deepeye/results.tex:24: Missing $ inserted.
<inserted text> 
                $
l.24 
     
I've inserted a begin-math/end-math symbol since I think
you left one out. Proceed, with fingers crossed.


Overfull \hbox (8.55376pt too wide) in paragraph at lines 23--24
[]\OML/lmm/m/it/12 mageClassification:[]NNmodelaccuracyfortheimagedatasetwasbetterthanchance\OT1/lmr/m/n/12 ([] = 
 []


Overfull \hbox (878.84677pt too wide) in paragraph at lines 23--24
\OML/lmm/m/it/12 :\OT1/lmr/m/n/12 001)\OML/lmm/m/it/12 :Accuracyfortheclassificationsforallparcellationsoftheimagedataexceptthepupilsizeonlydatasetwerebetterthanchance\OT1/lmr/m/n/12 (\OML/lmm/m/it/12 seeTablex\OT1/lmr/m/n/12 )\OML/lmm/m/it/12 :Theparsedimagedatasetclassificationaccuracieswerenotcomparedtotheparsedtimelinedatasetclassificationaccuracies:$  
 []

/Users/zjcole/Box/projects/deepeye/dev_git/deepeye/results.tex:33: Missing $ inserted.
<inserted text> 
                $
l.33 insert{table_
                  x} %breakdown of post-hoc tests for timeline data -- syste...
I've inserted a begin-math/end-math symbol since I think
you left one out. Proceed, with fingers crossed.

/Users/zjcole/Box/projects/deepeye/dev_git/deepeye/results.tex:33: Extra }, or forgotten $.
l.33 insert{table_x}
                     %breakdown of post-hoc tests for timeline data -- syste...
I've deleted a group-closing symbol because it seems to be
spurious, as in `$x}$'. But perhaps the } is legitimate and
you forgot something else, as in `\hbox{$x}'. In such cases
the way to recover is to insert both the forgotten and the
deleted material, e.g., by typing `I$}'.

/Users/zjcole/Box/projects/deepeye/dev_git/deepeye/results.tex:34: Missing $ inserted.
<inserted text> 
                $
l.34 
     
I've inserted a begin-math/end-math symbol since I think
you left one out. Proceed, with fingers crossed.

) (/Users/zjcole/Box/projects/deepeye/dev_git/deepeye/discussion.tex) (/Users/zjcole/Box/projects/deepeye/dev_git/deepeye/conclusion.tex) AED endfloat: Processing end Figures and Tables
Package atveryend Info: Empty hook `BeforeClearDocument' on input line 82.
Package atveryend Info: Empty hook `AfterLastShipout' on input line 82.
 (/Users/zjcole/Box/projects/deepeye/dev_git/deepeye/manuscript.aux)
Package atveryend Info: Executing hook `AtVeryEndDocument' on input line 82.
Package atveryend Info: Executing hook `AtEndAfterFileList' on input line 82.


Package rerunfilecheck Warning: File `manuscript.out' has changed.
(rerunfilecheck)                Rerun to get outlines right
(rerunfilecheck)                or use package `bookmark'.

Package rerunfilecheck Info: Checksums for `manuscript.out':
(rerunfilecheck)             Before: <no file>
(rerunfilecheck)             After:  8FD259F2B283B3406805EBA8FBB16616;287.

LaTeX Warning: There were undefined references.


Package biblatex Warning: Please (re)run Biber on the file:
(biblatex)                manuscript
(biblatex)                and rerun LaTeX afterwards.

Package logreq Info: Writing requests to 'manuscript.run.xml'.
\openout1 = `manuscript.run.xml'.

/Users/zjcole/Box/projects/deepeye/dev_git/deepeye/manuscript.tex:82: You can't use `\end' in internal vertical mode.
\enddocument ...cumenthook \deadcycles \z@ \@@end 
                                                  
l.82 \end{document}
                   
Sorry, but I'm not programmed to handle this case;
I'll just pretend that you didn't ask for it.
If you're in the wrong mode, you might be able to
return to the right one by typing `I}' or `I$' or `I\par'.

/Users/zjcole/Box/projects/deepeye/dev_git/deepeye/manuscript.tex:82: Missing } inserted.
<inserted text> 
                }
l.82 \end{document}
                   
I've inserted something that you may have forgotten.
(See the <inserted text> above.)
With luck, this will get me unwedged. But if you
really didn't forget anything, try typing `2' now; then
my insertion and my current dilemma will both disappear.

/Users/zjcole/Box/projects/deepeye/dev_git/deepeye/manuscript.tex:82: Missing } inserted.
<inserted text> 
                }
l.82 \end{document}
                   
I've inserted something that you may have forgotten.
(See the <inserted text> above.)
With luck, this will get me unwedged. But if you
really didn't forget anything, try typing `2' now; then
my insertion and my current dilemma will both disappear.

/Users/zjcole/Box/projects/deepeye/dev_git/deepeye/manuscript.tex:82: Missing } inserted.
<inserted text> 
                }
l.82 \end{document}
                   
I've inserted something that you may have forgotten.
(See the <inserted text> above.)
With luck, this will get me unwedged. But if you
really didn't forget anything, try typing `2' now; then
my insertion and my current dilemma will both disappear.

/Users/zjcole/Box/projects/deepeye/dev_git/deepeye/manuscript.tex:82: Missing $ inserted.
<inserted text> 
                $
l.82 \end{document}
                   
I've inserted something that you may have forgotten.
(See the <inserted text> above.)
With luck, this will get me unwedged. But if you
really didn't forget anything, try typing `2' now; then
my insertion and my current dilemma will both disappear.

/Users/zjcole/Box/projects/deepeye/dev_git/deepeye/manuscript.tex:82: Missing } inserted.
<inserted text> 
                }
l.82 \end{document}
                   
I've inserted something that you may have forgotten.
(See the <inserted text> above.)
With luck, this will get me unwedged. But if you
really didn't forget anything, try typing `2' now; then
my insertion and my current dilemma will both disappear.

/Users/zjcole/Box/projects/deepeye/dev_git/deepeye/manuscript.tex:82: Missing } inserted.
<inserted text> 
                }
l.82 \end{document}
                   
I've inserted something that you may have forgotten.
(See the <inserted text> above.)
With luck, this will get me unwedged. But if you
really didn't forget anything, try typing `2' now; then
my insertion and my current dilemma will both disappear.

/Users/zjcole/Box/projects/deepeye/dev_git/deepeye/manuscript.tex:82: Missing $ inserted.
<inserted text> 
                $
l.82 \end{document}
                   
I've inserted something that you may have forgotten.
(See the <inserted text> above.)
With luck, this will get me unwedged. But if you
really didn't forget anything, try typing `2' now; then
my insertion and my current dilemma will both disappear.

/Users/zjcole/Box/projects/deepeye/dev_git/deepeye/manuscript.tex:82: Missing } inserted.
<inserted text> 
                }
l.82 \end{document}
                   
I've inserted something that you may have forgotten.
(See the <inserted text> above.)
With luck, this will get me unwedged. But if you
really didn't forget anything, try typing `2' now; then
my insertion and my current dilemma will both disappear.

/Users/zjcole/Box/projects/deepeye/dev_git/deepeye/manuscript.tex:82: Missing } inserted.
<inserted text> 
                }
l.82 \end{document}
                   
I've inserted something that you may have forgotten.
(See the <inserted text> above.)
With luck, this will get me unwedged. But if you
really didn't forget anything, try typing `2' now; then
my insertion and my current dilemma will both disappear.

/Users/zjcole/Box/projects/deepeye/dev_git/deepeye/manuscript.tex:82: Missing } inserted.
<inserted text> 
                }
l.82 \end{document}
                   
I've inserted something that you may have forgotten.
(See the <inserted text> above.)
With luck, this will get me unwedged. But if you
really didn't forget anything, try typing `2' now; then
my insertion and my current dilemma will both disappear.

/Users/zjcole/Box/projects/deepeye/dev_git/deepeye/manuscript.tex:82: Extra \endgroup.
<recently read> \endgroup 
                          
l.82 \end{document}
                   
Things are pretty mixed up, but I think the worst is over.

)
! Emergency stop.
<*> ...ects/deepeye/dev_git/deepeye/manuscript.tex
                                                  
*** (job aborted, no legal \end found)

 
Here is how much of TeX's memory you used:
 15549 strings out of 492616
 263619 string characters out of 6129482
 780598 words of memory out of 5000000
 19239 multiletter control sequences out of 15000+600000
 36788 words of font info for 38 fonts, out of 8000000 for 9000
 1141 hyphenation exceptions out of 8191
 57i,13n,60p,1456b,3855s stack positions out of 5000i,500n,10000p,200000b,80000s
!  ==> Fatal error occurred, no output PDF file produced!
